<?xml version="1.0" encoding="UTF-8"?>
<testng-results ignored="0" total="3" passed="3" failed="0" skipped="0">
  <reporter-output>
  </reporter-output>
  <suite started-at="2021-03-03T12:09:21Z" name="Regression TestSuite" finished-at="2021-03-03T12:10:37Z" duration-ms="76239">
    <groups>
    </groups>
    <test started-at="2021-03-03T12:09:21Z" name="Regression" finished-at="2021-03-03T12:10:37Z" duration-ms="76239">
      <class name="org.Autotests.Test_Cases">
        <test-method is-config="true" signature="Initialize_driver()[pri:0, instance:org.Autotests.Test_Cases@78a2da20]" started-at="2021-03-03T14:09:21Z" name="Initialize_driver" finished-at="2021-03-03T14:09:35Z" duration-ms="13957" status="PASS">
          <reporter-output>
          </reporter-output>
        </test-method> <!-- Initialize_driver -->
        <test-method signature="TestCase1()[pri:0, instance:org.Autotests.Test_Cases@78a2da20]" started-at="2021-03-03T14:09:35Z" name="TestCase1" finished-at="2021-03-03T14:09:53Z" duration-ms="17629" status="PASS">
          <reporter-output>
          </reporter-output>
        </test-method> <!-- TestCase1 -->
        <test-method signature="TestCase2()[pri:1, instance:org.Autotests.Test_Cases@78a2da20]" started-at="2021-03-03T14:09:53Z" name="TestCase2" finished-at="2021-03-03T14:10:18Z" duration-ms="25125" status="PASS">
          <reporter-output>
          </reporter-output>
        </test-method> <!-- TestCase2 -->
        <test-method signature="TestCase3()[pri:2, instance:org.Autotests.Test_Cases@78a2da20]" started-at="2021-03-03T14:10:18Z" name="TestCase3" finished-at="2021-03-03T14:10:35Z" duration-ms="17172" status="PASS">
          <reporter-output>
          </reporter-output>
        </test-method> <!-- TestCase3 -->
        <test-method is-config="true" signature="afterClass()[pri:0, instance:org.Autotests.Test_Cases@78a2da20]" started-at="2021-03-03T14:10:35Z" name="afterClass" finished-at="2021-03-03T14:10:37Z" duration-ms="2329" status="PASS">
          <reporter-output>
          </reporter-output>
        </test-method> <!-- afterClass -->
      </class> <!-- org.Autotests.Test_Cases -->
    </test> <!-- Regression -->
  </suite> <!-- Regression TestSuite -->
</testng-results>
