<?xml version="1.0" encoding="UTF-8"?>
<testsuite xmlns:xsi="http://www.w3.org/2001/XMLSchema-instance" xsi:noNamespaceSchemaLocation="https://maven.apache.org/surefire/maven-surefire-plugin/xsd/surefire-test-report.xsd" name="TestSuite" time="76.93" tests="3" errors="0" skipped="0" failures="0">
  <properties>
[...]
</properties>
  <testcase name="TestCase1" classname="org.Autotests.Test_Cases" time="17.629"/>
  <testcase name="TestCase2" classname="org.Autotests.Test_Cases" time="25.125"/>
  <testcase name="TestCase3" classname="org.Autotests.Test_Cases" time="17.172"/>
</testsuite>