<?xml version="1.0" encoding="UTF-8"?>
<!-- Generated by org.testng.reporters.JUnitXMLReporter -->
<testsuite ignored="0" hostname="WACPT009" failures="0" tests="3" name="Regression" time="76.239" errors="0" timestamp="03 Mar 2021 12:10:38 GMT">
  <testcase classname="org.Autotests.Test_Cases" name="TestCase1" time="17.629"/>
  <testcase classname="org.Autotests.Test_Cases" name="TestCase2" time="25.125"/>
  <testcase classname="org.Autotests.Test_Cases" name="TestCase3" time="17.172"/>
</testsuite> <!-- Regression -->
